# JRE version: OpenJDK Runtime Environment Temurin-17.0.11+9 (17.0.11+9) (build 17.0.11+9)
# Java VM: OpenJDK 64-Bit Server VM Temurin-17.0.11+9 (17.0.11+9, mixed mode, sharing, tiered, compressed oops, compressed class ptrs, g1 gc, windows-amd64)
GC Precious Log:
 CPUs: 8 total, 8 available
 Memory: 8106M
 Large Page Support: Disabled
 NUMA Support: Disabled
 Compressed Oops: Enabled (32-bit)
 Heap Region Size: 1M
 Heap Min Capacity: 256M
 Heap Initial Capacity: 256M
 Heap Max Capacity: 512M
 Pre-touch: Disabled
 Parallel Workers: 8
 Concurrent Workers: 2
 Concurrent Refinement Workers: 8
 Periodic GC: Disabled
Heap:
 garbage-first heap   total 262144K, used 51269K [0x00000000e0000000, 0x0000000100000000)
  region size 1024K, 10 young (10240K), 2 survivors (2048K)
 Metaspace       used 50446K, committed 50944K, reserved 393216K
  class space    used 7173K, committed 7424K, reserved 327680K
GC Heap History (20 events):
Event: 114.367 GC heap before
{Heap before GC invocations=4 (full 0):
 garbage-first heap   total 262144K, used 58731K [0x00000000e0000000, 0x0000000100000000)
  region size 1024K, 39 young (39936K), 2 survivors (2048K)
 Metaspace       used 21175K, committed 21504K, reserved 393216K
  class space    used 3110K, committed 3328K, reserved 327680K
}
Event: 114.377 GC heap after
{Heap after GC invocations=5 (full 0):
 garbage-first heap   total 262144K, used 23923K [0x00000000e0000000, 0x0000000100000000)
  region size 1024K, 4 young (4096K), 4 survivors (4096K)
 Metaspace       used 21175K, committed 21504K, reserved 393216K
  class space    used 3110K, committed 3328K, reserved 327680K
}
Event: 303.176 GC heap before
{Heap before GC invocations=6 (full 0):
 garbage-first heap   total 262144K, used 156019K [0x00000000e0000000, 0x0000000100000000)
  region size 1024K, 130 young (133120K), 4 survivors (4096K)
 Metaspace       used 35767K, committed 36160K, reserved 393216K
  class space    used 4957K, committed 5120K, reserved 327680K
}
Event: 303.298 GC heap after
{Heap after GC invocations=7 (full 0):
 garbage-first heap   total 262144K, used 32719K [0x00000000e0000000, 0x0000000100000000)
  region size 1024K, 13 young (13312K), 13 survivors (13312K)
 Metaspace       used 35767K, committed 36160K, reserved 393216K
  class space    used 4957K, committed 5120K, reserved 327680K
}
Event: 303.443 GC heap before
{Heap before GC invocations=7 (full 0):
 garbage-first heap   total 262144K, used 33743K [0x00000000e0000000, 0x0000000100000000)
  region size 1024K, 14 young (14336K), 13 survivors (13312K)
 Metaspace       used 35871K, committed 36288K, reserved 393216K
  class space    used 4973K, committed 5184K, reserved 327680K
}
Event: 303.482 GC heap after
{Heap after GC invocations=8 (full 0):
 garbage-first heap   total 262144K, used 33096K [0x00000000e0000000, 0x0000000100000000)
  region size 1024K, 2 young (2048K), 2 survivors (2048K)
 Metaspace       used 35871K, committed 36288K, reserved 393216K
  class space    used 4973K, committed 5184K, reserved 327680K
}
Event: 303.701 GC heap before
{Heap before GC invocations=8 (full 0):
 garbage-first heap   total 262144K, used 35144K [0x00000000e0000000, 0x0000000100000000)
  region size 1024K, 5 young (5120K), 2 survivors (2048K)
 Metaspace       used 36128K, committed 36480K, reserved 393216K
  class space    used 5019K, committed 5184K, reserved 327680K
}
Event: 303.707 GC heap after
{Heap after GC invocations=9 (full 0):
 garbage-first heap   total 262144K, used 31908K [0x00000000e0000000, 0x0000000100000000)
  region size 1024K, 1 young (1024K), 1 survivors (1024K)
 Metaspace       used 36128K, committed 36480K, reserved 393216K
  class space    used 5019K, committed 5184K, reserved 327680K
}
Event: 403.575 GC heap before
{Heap before GC invocations=10 (full 0):
 garbage-first heap   total 262144K, used 188580K [0x00000000e0000000, 0x0000000100000000)
  region size 1024K, 153 young (156672K), 1 survivors (1024K)
 Metaspace       used 48981K, committed 49536K, reserved 393216K
  class space    used 6933K, committed 7168K, reserved 327680K
}
Event: 405.335 GC heap after
{Heap after GC invocations=11 (full 0):
 garbage-first heap   total 262144K, used 39318K [0x00000000e0000000, 0x0000000100000000)
  region size 1024K, 8 young (8192K), 8 survivors (8192K)
 Metaspace       used 48981K, committed 49536K, reserved 393216K
  class space    used 6933K, committed 7168K, reserved 327680K
}
Event: 413.636 GC heap before
{Heap before GC invocations=11 (full 0):
 garbage-first heap   total 262144K, used 43414K [0x00000000e0000000, 0x0000000100000000)
  region size 1024K, 12 young (12288K), 8 survivors (8192K)
 Metaspace       used 48997K, committed 49536K, reserved 393216K
  class space    used 6933K, committed 7168K, reserved 327680K
}
Event: 413.719 GC heap after
{Heap after GC invocations=12 (full 0):
 garbage-first heap   total 262144K, used 40560K [0x00000000e0000000, 0x0000000100000000)
  region size 1024K, 2 young (2048K), 2 survivors (2048K)
 Metaspace       used 48997K, committed 49536K, reserved 393216K
  class space    used 6933K, committed 7168K, reserved 327680K
}
Event: 434.045 GC heap before
{Heap before GC invocations=12 (full 0):
 garbage-first heap   total 262144K, used 50800K [0x00000000e0000000, 0x0000000100000000)
  region size 1024K, 12 young (12288K), 2 survivors (2048K)
 Metaspace       used 49048K, committed 49536K, reserved 393216K
  class space    used 6938K, committed 7168K, reserved 327680K
}
Event: 434.805 GC heap after
{Heap after GC invocations=13 (full 0):
 garbage-first heap   total 262144K, used 41126K [0x00000000e0000000, 0x0000000100000000)
  region size 1024K, 2 young (2048K), 2 survivors (2048K)
 Metaspace       used 49048K, committed 49536K, reserved 393216K
  class space    used 6938K, committed 7168K, reserved 327680K
}
Event: 443.589 GC heap before
{Heap before GC invocations=13 (full 0):
 garbage-first heap   total 262144K, used 51366K [0x00000000e0000000, 0x0000000100000000)
  region size 1024K, 12 young (12288K), 2 survivors (2048K)
 Metaspace       used 49090K, committed 49600K, reserved 393216K
  class space    used 6944K, committed 7168K, reserved 327680K
}
Event: 443.601 GC heap after
{Heap after GC invocations=14 (full 0):
 garbage-first heap   total 262144K, used 41737K [0x00000000e0000000, 0x0000000100000000)
  region size 1024K, 2 young (2048K), 2 survivors (2048K)
 Metaspace       used 49090K, committed 49600K, reserved 393216K
  class space    used 6944K, committed 7168K, reserved 327680K
}
Event: 444.992 GC heap before
{Heap before GC invocations=14 (full 0):
 garbage-first heap   total 262144K, used 51977K [0x00000000e0000000, 0x0000000100000000)
  region size 1024K, 12 young (12288K), 2 survivors (2048K)
 Metaspace       used 49383K, committed 49856K, reserved 393216K
  class space    used 6998K, committed 7232K, reserved 327680K
}
Event: 444.997 GC heap after
{Heap after GC invocations=15 (full 0):
 garbage-first heap   total 262144K, used 42808K [0x00000000e0000000, 0x0000000100000000)
  region size 1024K, 2 young (2048K), 2 survivors (2048K)
 Metaspace       used 49383K, committed 49856K, reserved 393216K
  class space    used 6998K, committed 7232K, reserved 327680K
}
Event: 445.921 GC heap before
{Heap before GC invocations=15 (full 0):
 garbage-first heap   total 262144K, used 53048K [0x00000000e0000000, 0x0000000100000000)
  region size 1024K, 12 young (12288K), 2 survivors (2048K)
 Metaspace       used 49766K, committed 50304K, reserved 393216K
  class space    used 7054K, committed 7296K, reserved 327680K
}
Event: 445.925 GC heap after
{Heap after GC invocations=16 (full 0):
 garbage-first heap   total 262144K, used 44101K [0x00000000e0000000, 0x0000000100000000)
  region size 1024K, 2 young (2048K), 2 survivors (2048K)
 Metaspace       used 49766K, committed 50304K, reserved 393216K
  class space    used 7054K, committed 7296K, reserved 327680K
}

