# JRE version: OpenJDK Runtime Environment Temurin-17.0.11+9 (17.0.11+9) (build 17.0.11+9)
# Java VM: OpenJDK 64-Bit Server VM Temurin-17.0.11+9 (17.0.11+9, mixed mode, sharing, tiered, compressed oops, compressed class ptrs, g1 gc, windows-amd64)
GC Precious Log:
 CPUs: 8 total, 8 available
 Memory: 8106M
 Large Page Support: Disabled
 NUMA Support: Disabled
 Compressed Oops: Enabled (32-bit)
 Heap Region Size: 1M
 Heap Min Capacity: 256M
 Heap Initial Capacity: 256M
 Heap Max Capacity: 512M
 Pre-touch: Disabled
 Parallel Workers: 8
 Concurrent Workers: 2
 Concurrent Refinement Workers: 8
 Periodic GC: Disabled
Heap:
 garbage-first heap   total 262144K, used 51540K [0x00000000e0000000, 0x0000000100000000)
  region size 1024K, 18 young (18432K), 1 survivors (1024K)
 Metaspace       used 44529K, committed 44992K, reserved 393216K
  class space    used 6243K, committed 6464K, reserved 327680K
GC Heap History (20 events):
Event: 242.800 GC heap before
{Heap before GC invocations=4 (full 0):
 garbage-first heap   total 262144K, used 26672K [0x00000000e0000000, 0x0000000100000000)
  region size 1024K, 12 young (12288K), 2 survivors (2048K)
 Metaspace       used 5040K, committed 5248K, reserved 393216K
  class space    used 668K, committed 768K, reserved 327680K
}
Event: 242.818 GC heap after
{Heap after GC invocations=5 (full 0):
 garbage-first heap   total 262144K, used 17469K [0x00000000e0000000, 0x0000000100000000)
  region size 1024K, 1 young (1024K), 1 survivors (1024K)
 Metaspace       used 5040K, committed 5248K, reserved 393216K
  class space    used 668K, committed 768K, reserved 327680K
}
Event: 260.291 GC heap before
{Heap before GC invocations=5 (full 0):
 garbage-first heap   total 262144K, used 28733K [0x00000000e0000000, 0x0000000100000000)
  region size 1024K, 12 young (12288K), 1 survivors (1024K)
 Metaspace       used 8027K, committed 8256K, reserved 393216K
  class space    used 1085K, committed 1216K, reserved 327680K
}
Event: 260.304 GC heap after
{Heap after GC invocations=6 (full 0):
 garbage-first heap   total 262144K, used 18980K [0x00000000e0000000, 0x0000000100000000)
  region size 1024K, 2 young (2048K), 2 survivors (2048K)
 Metaspace       used 8027K, committed 8256K, reserved 393216K
  class space    used 1085K, committed 1216K, reserved 327680K
}
Event: 282.481 GC heap before
{Heap before GC invocations=6 (full 0):
 garbage-first heap   total 262144K, used 29220K [0x00000000e0000000, 0x0000000100000000)
  region size 1024K, 12 young (12288K), 2 survivors (2048K)
 Metaspace       used 10419K, committed 10688K, reserved 393216K
  class space    used 1413K, committed 1536K, reserved 327680K
}
Event: 282.492 GC heap after
{Heap after GC invocations=7 (full 0):
 garbage-first heap   total 262144K, used 20550K [0x00000000e0000000, 0x0000000100000000)
  region size 1024K, 2 young (2048K), 2 survivors (2048K)
 Metaspace       used 10419K, committed 10688K, reserved 393216K
  class space    used 1413K, committed 1536K, reserved 327680K
}
Event: 296.728 GC heap before
{Heap before GC invocations=7 (full 0):
 garbage-first heap   total 262144K, used 40006K [0x00000000e0000000, 0x0000000100000000)
  region size 1024K, 21 young (21504K), 2 survivors (2048K)
 Metaspace       used 13855K, committed 14144K, reserved 393216K
  class space    used 1918K, committed 2048K, reserved 327680K
}
Event: 296.767 GC heap after
{Heap after GC invocations=8 (full 0):
 garbage-first heap   total 262144K, used 21414K [0x00000000e0000000, 0x0000000100000000)
  region size 1024K, 3 young (3072K), 3 survivors (3072K)
 Metaspace       used 13855K, committed 14144K, reserved 393216K
  class space    used 1918K, committed 2048K, reserved 327680K
}
Event: 307.111 GC heap before
{Heap before GC invocations=8 (full 0):
 garbage-first heap   total 262144K, used 45990K [0x00000000e0000000, 0x0000000100000000)
  region size 1024K, 27 young (27648K), 3 survivors (3072K)
 Metaspace       used 17344K, committed 17600K, reserved 393216K
  class space    used 2472K, committed 2560K, reserved 327680K
}
Event: 307.188 GC heap after
{Heap after GC invocations=9 (full 0):
 garbage-first heap   total 262144K, used 22677K [0x00000000e0000000, 0x0000000100000000)
  region size 1024K, 3 young (3072K), 3 survivors (3072K)
 Metaspace       used 17344K, committed 17600K, reserved 393216K
  class space    used 2472K, committed 2560K, reserved 327680K
}
Event: 315.824 GC heap before
{Heap before GC invocations=9 (full 0):
 garbage-first heap   total 262144K, used 53397K [0x00000000e0000000, 0x0000000100000000)
  region size 1024K, 34 young (34816K), 3 survivors (3072K)
 Metaspace       used 21167K, committed 21504K, reserved 393216K
  class space    used 3104K, committed 3264K, reserved 327680K
}
Event: 315.863 GC heap after
{Heap after GC invocations=10 (full 0):
 garbage-first heap   total 262144K, used 24366K [0x00000000e0000000, 0x0000000100000000)
  region size 1024K, 4 young (4096K), 4 survivors (4096K)
 Metaspace       used 21167K, committed 21504K, reserved 393216K
  class space    used 3104K, committed 3264K, reserved 327680K
}
Event: 485.424 GC heap before
{Heap before GC invocations=11 (full 0):
 garbage-first heap   total 262144K, used 139054K [0x00000000e0000000, 0x0000000100000000)
  region size 1024K, 112 young (114688K), 4 survivors (4096K)
 Metaspace       used 34442K, committed 34752K, reserved 393216K
  class space    used 4759K, committed 4928K, reserved 327680K
}
Event: 485.749 GC heap after
{Heap after GC invocations=12 (full 0):
 garbage-first heap   total 262144K, used 31576K [0x00000000e0000000, 0x0000000100000000)
  region size 1024K, 11 young (11264K), 11 survivors (11264K)
 Metaspace       used 34442K, committed 34752K, reserved 393216K
  class space    used 4759K, committed 4928K, reserved 327680K
}
Event: 528.540 GC heap before
{Heap before GC invocations=12 (full 0):
 garbage-first heap   total 262144K, used 48984K [0x00000000e0000000, 0x0000000100000000)
  region size 1024K, 30 young (30720K), 11 survivors (11264K)
 Metaspace       used 35907K, committed 36288K, reserved 393216K
  class space    used 4966K, committed 5184K, reserved 327680K
}
Event: 528.741 GC heap after
{Heap after GC invocations=13 (full 0):
 garbage-first heap   total 262144K, used 33049K [0x00000000e0000000, 0x0000000100000000)
  region size 1024K, 3 young (3072K), 3 survivors (3072K)
 Metaspace       used 35907K, committed 36288K, reserved 393216K
  class space    used 4966K, committed 5184K, reserved 327680K
}
Event: 590.945 GC heap before
{Heap before GC invocations=14 (full 0):
 garbage-first heap   total 262144K, used 89369K [0x00000000e0000000, 0x0000000100000000)
  region size 1024K, 57 young (58368K), 3 survivors (3072K)
 Metaspace       used 41932K, committed 42368K, reserved 393216K
  class space    used 5821K, committed 6016K, reserved 327680K
}
Event: 591.489 GC heap after
{Heap after GC invocations=15 (full 0):
 garbage-first heap   total 262144K, used 34609K [0x00000000e0000000, 0x0000000100000000)
  region size 1024K, 4 young (4096K), 4 survivors (4096K)
 Metaspace       used 41932K, committed 42368K, reserved 393216K
  class space    used 5821K, committed 6016K, reserved 327680K
}
Event: 603.875 GC heap before
{Heap before GC invocations=15 (full 0):
 garbage-first heap   total 262144K, used 41777K [0x00000000e0000000, 0x0000000100000000)
  region size 1024K, 12 young (12288K), 4 survivors (4096K)
 Metaspace       used 42798K, committed 43264K, reserved 393216K
  class space    used 5963K, committed 6144K, reserved 327680K
}
Event: 603.965 GC heap after
{Heap after GC invocations=16 (full 0):
 garbage-first heap   total 262144K, used 35156K [0x00000000e0000000, 0x0000000100000000)
  region size 1024K, 1 young (1024K), 1 survivors (1024K)
 Metaspace       used 42798K, committed 43264K, reserved 393216K
  class space    used 5963K, committed 6144K, reserved 327680K
}

