# JRE version: OpenJDK Runtime Environment Temurin-17.0.11+9 (17.0.11+9) (build 17.0.11+9)
# Java VM: OpenJDK 64-Bit Server VM Temurin-17.0.11+9 (17.0.11+9, mixed mode, sharing, tiered, compressed oops, compressed class ptrs, g1 gc, windows-amd64)
GC Precious Log:
 CPUs: 8 total, 8 available
 Memory: 8106M
 Large Page Support: Disabled
 NUMA Support: Disabled
 Compressed Oops: Enabled (32-bit)
 Heap Region Size: 1M
 Heap Min Capacity: 256M
 Heap Initial Capacity: 256M
 Heap Max Capacity: 512M
 Pre-touch: Disabled
 Parallel Workers: 8
 Concurrent Workers: 2
 Concurrent Refinement Workers: 8
 Periodic GC: Disabled
Heap:
 garbage-first heap   total 262144K, used 56489K [0x00000000e0000000, 0x0000000100000000)
  region size 1024K, 22 young (22528K), 1 survivors (1024K)
 Metaspace       used 34525K, committed 34880K, reserved 393216K
  class space    used 4773K, committed 4928K, reserved 327680K
GC Heap History (20 events):
Event: 242.165 GC heap before
{Heap before GC invocations=4 (full 0):
 garbage-first heap   total 262144K, used 26985K [0x00000000e0000000, 0x0000000100000000)
  region size 1024K, 12 young (12288K), 2 survivors (2048K)
 Metaspace       used 4851K, committed 5056K, reserved 393216K
  class space    used 646K, committed 768K, reserved 327680K
}
Event: 242.170 GC heap after
{Heap after GC invocations=5 (full 0):
 garbage-first heap   total 262144K, used 17508K [0x00000000e0000000, 0x0000000100000000)
  region size 1024K, 1 young (1024K), 1 survivors (1024K)
 Metaspace       used 4851K, committed 5056K, reserved 393216K
  class space    used 646K, committed 768K, reserved 327680K
}
Event: 247.517 GC heap before
{Heap before GC invocations=5 (full 0):
 garbage-first heap   total 262144K, used 28772K [0x00000000e0000000, 0x0000000100000000)
  region size 1024K, 12 young (12288K), 1 survivors (1024K)
 Metaspace       used 7787K, committed 8064K, reserved 393216K
  class space    used 1054K, committed 1216K, reserved 327680K
}
Event: 247.520 GC heap after
{Heap after GC invocations=6 (full 0):
 garbage-first heap   total 262144K, used 19065K [0x00000000e0000000, 0x0000000100000000)
  region size 1024K, 2 young (2048K), 2 survivors (2048K)
 Metaspace       used 7787K, committed 8064K, reserved 393216K
  class space    used 1054K, committed 1216K, reserved 327680K
}
Event: 261.470 GC heap before
{Heap before GC invocations=6 (full 0):
 garbage-first heap   total 262144K, used 28281K [0x00000000e0000000, 0x0000000100000000)
  region size 1024K, 12 young (12288K), 2 survivors (2048K)
 Metaspace       used 10293K, committed 10560K, reserved 393216K
  class space    used 1388K, committed 1536K, reserved 327680K
}
Event: 261.477 GC heap after
{Heap after GC invocations=7 (full 0):
 garbage-first heap   total 262144K, used 20615K [0x00000000e0000000, 0x0000000100000000)
  region size 1024K, 2 young (2048K), 2 survivors (2048K)
 Metaspace       used 10293K, committed 10560K, reserved 393216K
  class space    used 1388K, committed 1536K, reserved 327680K
}
Event: 261.940 GC heap before
{Heap before GC invocations=7 (full 0):
 garbage-first heap   total 262144K, used 29831K [0x00000000e0000000, 0x0000000100000000)
  region size 1024K, 12 young (12288K), 2 survivors (2048K)
 Metaspace       used 12323K, committed 12544K, reserved 393216K
  class space    used 1674K, committed 1792K, reserved 327680K
}
Event: 261.943 GC heap after
{Heap after GC invocations=8 (full 0):
 garbage-first heap   total 262144K, used 21280K [0x00000000e0000000, 0x0000000100000000)
  region size 1024K, 1 young (1024K), 1 survivors (1024K)
 Metaspace       used 12323K, committed 12544K, reserved 393216K
  class space    used 1674K, committed 1792K, reserved 327680K
}
Event: 262.831 GC heap before
{Heap before GC invocations=8 (full 0):
 garbage-first heap   total 262144K, used 31520K [0x00000000e0000000, 0x0000000100000000)
  region size 1024K, 12 young (12288K), 1 survivors (1024K)
 Metaspace       used 14076K, committed 14336K, reserved 393216K
  class space    used 1942K, committed 2048K, reserved 327680K
}
Event: 262.833 GC heap after
{Heap after GC invocations=9 (full 0):
 garbage-first heap   total 262144K, used 21824K [0x00000000e0000000, 0x0000000100000000)
  region size 1024K, 2 young (2048K), 2 survivors (2048K)
 Metaspace       used 14076K, committed 14336K, reserved 393216K
  class space    used 1942K, committed 2048K, reserved 327680K
}
Event: 264.371 GC heap before
{Heap before GC invocations=9 (full 0):
 garbage-first heap   total 262144K, used 44352K [0x00000000e0000000, 0x0000000100000000)
  region size 1024K, 25 young (25600K), 2 survivors (2048K)
 Metaspace       used 17453K, committed 17728K, reserved 393216K
  class space    used 2509K, committed 2624K, reserved 327680K
}
Event: 264.380 GC heap after
{Heap after GC invocations=10 (full 0):
 garbage-first heap   total 262144K, used 22897K [0x00000000e0000000, 0x0000000100000000)
  region size 1024K, 3 young (3072K), 3 survivors (3072K)
 Metaspace       used 17453K, committed 17728K, reserved 393216K
  class space    used 2509K, committed 2624K, reserved 327680K
}
Event: 268.710 GC heap before
{Heap before GC invocations=10 (full 0):
 garbage-first heap   total 262144K, used 51569K [0x00000000e0000000, 0x0000000100000000)
  region size 1024K, 32 young (32768K), 3 survivors (3072K)
 Metaspace       used 21141K, committed 21504K, reserved 393216K
  class space    used 3103K, committed 3264K, reserved 327680K
}
Event: 268.718 GC heap after
{Heap after GC invocations=11 (full 0):
 garbage-first heap   total 262144K, used 24698K [0x00000000e0000000, 0x0000000100000000)
  region size 1024K, 4 young (4096K), 4 survivors (4096K)
 Metaspace       used 21141K, committed 21504K, reserved 393216K
  class space    used 3103K, committed 3264K, reserved 327680K
}
Event: 276.317 GC heap before
{Heap before GC invocations=12 (full 0):
 garbage-first heap   total 262144K, used 55418K [0x00000000e0000000, 0x0000000100000000)
  region size 1024K, 34 young (34816K), 4 survivors (4096K)
 Metaspace       used 24700K, committed 25088K, reserved 393216K
  class space    used 3669K, committed 3840K, reserved 327680K
}
Event: 276.326 GC heap after
{Heap after GC invocations=13 (full 0):
 garbage-first heap   total 262144K, used 25947K [0x00000000e0000000, 0x0000000100000000)
  region size 1024K, 4 young (4096K), 4 survivors (4096K)
 Metaspace       used 24700K, committed 25088K, reserved 393216K
  class space    used 3669K, committed 3840K, reserved 327680K
}
Event: 317.287 GC heap before
{Heap before GC invocations=13 (full 0):
 garbage-first heap   total 262144K, used 77147K [0x00000000e0000000, 0x0000000100000000)
  region size 1024K, 55 young (56320K), 4 survivors (4096K)
 Metaspace       used 32834K, committed 33216K, reserved 393216K
  class space    used 4664K, committed 4864K, reserved 327680K
}
Event: 317.691 GC heap after
{Heap after GC invocations=14 (full 0):
 garbage-first heap   total 262144K, used 30437K [0x00000000e0000000, 0x0000000100000000)
  region size 1024K, 7 young (7168K), 7 survivors (7168K)
 Metaspace       used 32834K, committed 33216K, reserved 393216K
  class space    used 4664K, committed 4864K, reserved 327680K
}
Event: 317.850 GC heap before
{Heap before GC invocations=14 (full 0):
 garbage-first heap   total 262144K, used 35557K [0x00000000e0000000, 0x0000000100000000)
  region size 1024K, 12 young (12288K), 7 survivors (7168K)
 Metaspace       used 32835K, committed 33216K, reserved 393216K
  class space    used 4664K, committed 4864K, reserved 327680K
}
Event: 317.863 GC heap after
{Heap after GC invocations=15 (full 0):
 garbage-first heap   total 262144K, used 30889K [0x00000000e0000000, 0x0000000100000000)
  region size 1024K, 1 young (1024K), 1 survivors (1024K)
 Metaspace       used 32835K, committed 33216K, reserved 393216K
  class space    used 4664K, committed 4864K, reserved 327680K
}

