# JRE version: OpenJDK Runtime Environment Temurin-17.0.11+9 (17.0.11+9) (build 17.0.11+9)
# Java VM: OpenJDK 64-Bit Server VM Temurin-17.0.11+9 (17.0.11+9, mixed mode, sharing, tiered, compressed oops, compressed class ptrs, g1 gc, windows-amd64)
GC Precious Log:
 CPUs: 8 total, 8 available
 Memory: 8106M
 Large Page Support: Disabled
 NUMA Support: Disabled
 Compressed Oops: Enabled (32-bit)
 Heap Region Size: 1M
 Heap Min Capacity: 256M
 Heap Initial Capacity: 256M
 Heap Max Capacity: 512M
 Pre-touch: Disabled
 Parallel Workers: 8
 Concurrent Workers: 2
 Concurrent Refinement Workers: 8
 Periodic GC: Disabled
Heap:
 garbage-first heap   total 262144K, used 138699K [0x00000000e0000000, 0x0000000100000000)
  region size 1024K, 105 young (107520K), 3 survivors (3072K)
 Metaspace       used 47918K, committed 48448K, reserved 393216K
  class space    used 6789K, committed 7040K, reserved 327680K
GC Heap History (12 events):
Event: 17.239 GC heap before
{Heap before GC invocations=0 (full 0):
 garbage-first heap   total 262144K, used 26624K [0x00000000e0000000, 0x0000000100000000)
  region size 1024K, 23 young (23552K), 0 survivors (0K)
 Metaspace       used 2131K, committed 2240K, reserved 393216K
  class space    used 231K, committed 320K, reserved 327680K
}
Event: 17.534 GC heap after
{Heap after GC invocations=1 (full 0):
 garbage-first heap   total 262144K, used 10878K [0x00000000e0000000, 0x0000000100000000)
  region size 1024K, 3 young (3072K), 3 survivors (3072K)
 Metaspace       used 2131K, committed 2240K, reserved 393216K
  class space    used 231K, committed 320K, reserved 327680K
}
Event: 30.334 GC heap before
{Heap before GC invocations=1 (full 0):
 garbage-first heap   total 262144K, used 37502K [0x00000000e0000000, 0x0000000100000000)
  region size 1024K, 29 young (29696K), 3 survivors (3072K)
 Metaspace       used 4045K, committed 4224K, reserved 393216K
  class space    used 506K, committed 640K, reserved 327680K
}
Event: 30.339 GC heap after
{Heap after GC invocations=2 (full 0):
 garbage-first heap   total 262144K, used 12369K [0x00000000e0000000, 0x0000000100000000)
  region size 1024K, 2 young (2048K), 2 survivors (2048K)
 Metaspace       used 4045K, committed 4224K, reserved 393216K
  class space    used 506K, committed 640K, reserved 327680K
}
Event: 106.687 GC heap before
{Heap before GC invocations=2 (full 0):
 garbage-first heap   total 262144K, used 131153K [0x00000000e0000000, 0x0000000100000000)
  region size 1024K, 116 young (118784K), 2 survivors (2048K)
 Metaspace       used 19247K, committed 19584K, reserved 393216K
  class space    used 2784K, committed 2944K, reserved 327680K
}
Event: 106.823 GC heap after
{Heap after GC invocations=3 (full 0):
 garbage-first heap   total 262144K, used 23334K [0x00000000e0000000, 0x0000000100000000)
  region size 1024K, 11 young (11264K), 11 survivors (11264K)
 Metaspace       used 19247K, committed 19584K, reserved 393216K
  class space    used 2784K, committed 2944K, reserved 327680K
}
Event: 112.236 GC heap before
{Heap before GC invocations=3 (full 0):
 garbage-first heap   total 262144K, used 39718K [0x00000000e0000000, 0x0000000100000000)
  region size 1024K, 28 young (28672K), 11 survivors (11264K)
 Metaspace       used 21206K, committed 21504K, reserved 393216K
  class space    used 3106K, committed 3264K, reserved 327680K
}
Event: 112.325 GC heap after
{Heap after GC invocations=4 (full 0):
 garbage-first heap   total 262144K, used 24720K [0x00000000e0000000, 0x0000000100000000)
  region size 1024K, 12 young (12288K), 12 survivors (12288K)
 Metaspace       used 21206K, committed 21504K, reserved 393216K
  class space    used 3106K, committed 3264K, reserved 327680K
}
Event: 288.738 GC heap before
{Heap before GC invocations=5 (full 0):
 garbage-first heap   total 262144K, used 150672K [0x00000000e0000000, 0x0000000100000000)
  region size 1024K, 132 young (135168K), 12 survivors (12288K)
 Metaspace       used 35630K, committed 35968K, reserved 393216K
  class space    used 4933K, committed 5120K, reserved 327680K
}
Event: 289.104 GC heap after
{Heap after GC invocations=6 (full 0):
 garbage-first heap   total 262144K, used 33152K [0x00000000e0000000, 0x0000000100000000)
  region size 1024K, 10 young (10240K), 10 survivors (10240K)
 Metaspace       used 35630K, committed 35968K, reserved 393216K
  class space    used 4933K, committed 5120K, reserved 327680K
}
Event: 332.135 GC heap before
{Heap before GC invocations=7 (full 0):
 garbage-first heap   total 262144K, used 71040K [0x00000000e0000000, 0x0000000100000000)
  region size 1024K, 46 young (47104K), 10 survivors (10240K)
 Metaspace       used 39871K, committed 40256K, reserved 393216K
  class space    used 5521K, committed 5696K, reserved 327680K
}
Event: 332.282 GC heap after
{Heap after GC invocations=8 (full 0):
 garbage-first heap   total 262144K, used 35275K [0x00000000e0000000, 0x0000000100000000)
  region size 1024K, 3 young (3072K), 3 survivors (3072K)
 Metaspace       used 39871K, committed 40256K, reserved 393216K
  class space    used 5521K, committed 5696K, reserved 327680K
}

